{
  "stats": {
    "suites": 1,
    "tests": 7,
    "passes": 7,
    "pending": 0,
    "failures": 0,
    "start": "2021-11-03T17:02:25.661Z",
    "end": "2021-11-03T17:02:45.901Z",
    "duration": 20240,
    "testsRegistered": 7,
    "passPercent": 100,
    "pendingPercent": 0,
    "other": 0,
    "hasOther": false,
    "skipped": 0,
    "hasSkipped": false
  },
  "results": [
    {
      "uuid": "9fd47be8-4f3b-48ba-9233-726c31e1e40c",
      "title": "",
      "fullFile": "cypress/integration/regression-page-objects.spec.js",
      "file": "cypress/integration/regression-page-objects.spec.js",
      "beforeHooks": [],
      "afterHooks": [],
      "tests": [],
      "suites": [
        {
          "uuid": "f3d3b068-6b9f-49b5-a6c0-2150fde23985",
          "title": "Test suite",
          "fullFile": "",
          "file": "",
          "beforeHooks": [],
          "afterHooks": [],
          "tests": [
            {
              "title": "Correct rooms link and back to Home page",
              "fullTitle": "Test suite Correct rooms link and back to Home page",
              "timedOut": null,
              "duration": 3095,
              "state": "passed",
              "speed": "fast",
              "pass": true,
              "fail": false,
              "pending": false,
              "context": null,
              "code": "dashBoardFuncs.viewRooms(cy, 'Rooms');\nroomsFuncs.goToHomePage(cy, 'Tester Hotel Overview');",
              "err": {},
              "uuid": "00490c35-74b9-4a26-925a-c6a45dae890e",
              "parentUUID": "f3d3b068-6b9f-49b5-a6c0-2150fde23985",
              "isHook": false,
              "skipped": false
            },
            {
              "title": "Correct clients link and back to Home page",
              "fullTitle": "Test suite Correct clients link and back to Home page",
              "timedOut": null,
              "duration": 2179,
              "state": "passed",
              "speed": "fast",
              "pass": true,
              "fail": false,
              "pending": false,
              "context": null,
              "code": "dashBoardFuncs.viewClients(cy, 'Clients');\nclientsFuncs.goToHomePage(cy, 'Tester Hotel Overview');",
              "err": {},
              "uuid": "7599ed76-cdde-487c-a9b1-2b5583b63895",
              "parentUUID": "f3d3b068-6b9f-49b5-a6c0-2150fde23985",
              "isHook": false,
              "skipped": false
            },
            {
              "title": "Correct bills link and back to Home page",
              "fullTitle": "Test suite Correct bills link and back to Home page",
              "timedOut": null,
              "duration": 2158,
              "state": "passed",
              "speed": "fast",
              "pass": true,
              "fail": false,
              "pending": false,
              "context": null,
              "code": "dashBoardFuncs.viewBills(cy, 'Bills');\nbillsFuncs.goToHomePage(cy, 'Tester Hotel Overview');",
              "err": {},
              "uuid": "d4c08901-f408-4934-b0dd-d3cbb43ed417",
              "parentUUID": "f3d3b068-6b9f-49b5-a6c0-2150fde23985",
              "isHook": false,
              "skipped": false
            },
            {
              "title": "Correct reservations link",
              "fullTitle": "Test suite Correct reservations link",
              "timedOut": null,
              "duration": 1579,
              "state": "passed",
              "speed": "fast",
              "pass": true,
              "fail": false,
              "pending": false,
              "context": null,
              "code": "dashBoardFuncs.viewReservation(cy, 'Reservations');",
              "err": {},
              "uuid": "4a6e7585-4e2e-4ab5-bc21-8ae7b605e337",
              "parentUUID": "f3d3b068-6b9f-49b5-a6c0-2150fde23985",
              "isHook": false,
              "skipped": false
            },
            {
              "title": "Create, change and delete a bill",
              "fullTitle": "Test suite Create, change and delete a bill",
              "timedOut": null,
              "duration": 2549,
              "state": "passed",
              "speed": "fast",
              "pass": true,
              "fail": false,
              "pending": false,
              "context": null,
              "code": "dashBoardFuncs.viewBills(cy, 'Bills');\nbillsFuncs.createNewBill(cy, 'New Bill');\nbillsFuncs.changeBill(cy);\nbillsFuncs.deleteBill(cy);",
              "err": {},
              "uuid": "6e7df76d-c8fd-4e87-b76c-e07ee2ba95f7",
              "parentUUID": "f3d3b068-6b9f-49b5-a6c0-2150fde23985",
              "isHook": false,
              "skipped": false
            },
            {
              "title": "Create and delete a client",
              "fullTitle": "Test suite Create and delete a client",
              "timedOut": null,
              "duration": 2970,
              "state": "passed",
              "speed": "fast",
              "pass": true,
              "fail": false,
              "pending": false,
              "context": null,
              "code": "dashBoardFuncs.viewClients(cy, 'Clients');\nclientsFuncs.createNewClient(cy, 'New Client');\nclientsFuncs.deleteClient(cy);",
              "err": {},
              "uuid": "3c90b1da-38c4-4956-8d3e-b6d8496b61b6",
              "parentUUID": "f3d3b068-6b9f-49b5-a6c0-2150fde23985",
              "isHook": false,
              "skipped": false
            },
            {
              "title": "Create and delete a room",
              "fullTitle": "Test suite Create and delete a room",
              "timedOut": null,
              "duration": 2908,
              "state": "passed",
              "speed": "fast",
              "pass": true,
              "fail": false,
              "pending": false,
              "context": null,
              "code": "dashBoardFuncs.viewRooms(cy, 'Rooms');\nroomsFuncs.createNewRoom(cy, 'New Room');\nroomsFuncs.deleteRoom(cy);",
              "err": {},
              "uuid": "8b466813-55bc-48b0-8ca6-6c4566054f92",
              "parentUUID": "f3d3b068-6b9f-49b5-a6c0-2150fde23985",
              "isHook": false,
              "skipped": false
            }
          ],
          "suites": [],
          "passes": [
            "00490c35-74b9-4a26-925a-c6a45dae890e",
            "7599ed76-cdde-487c-a9b1-2b5583b63895",
            "d4c08901-f408-4934-b0dd-d3cbb43ed417",
            "4a6e7585-4e2e-4ab5-bc21-8ae7b605e337",
            "6e7df76d-c8fd-4e87-b76c-e07ee2ba95f7",
            "3c90b1da-38c4-4956-8d3e-b6d8496b61b6",
            "8b466813-55bc-48b0-8ca6-6c4566054f92"
          ],
          "failures": [],
          "pending": [],
          "skipped": [],
          "duration": 17438,
          "root": false,
          "rootEmpty": false,
          "_timeout": 2000
        }
      ],
      "passes": [],
      "failures": [],
      "pending": [],
      "skipped": [],
      "duration": 0,
      "root": true,
      "rootEmpty": true,
      "_timeout": 2000
    }
  ],
  "meta": {
    "mocha": {
      "version": "7.0.1"
    },
    "mochawesome": {
      "options": {
        "quiet": false,
        "reportFilename": "mochawesome",
        "saveHtml": true,
        "saveJson": true,
        "consoleReporter": "spec",
        "useInlineDiffs": false,
        "code": true
      },
      "version": "6.3.1"
    },
    "marge": {
      "options": null,
      "version": "5.2.0"
    }
  }
}